[     153ms] [LOG] [Fast Refresh] rebuilding @ http://localhost:3002/_next/static/chunks/0fju_next_dist_0a9cnc5._.js:2431
[     623ms] [LOG] [Fast Refresh] done in 571ms @ http://localhost:3002/_next/static/chunks/0fju_next_dist_0a9cnc5._.js:2431
[     651ms] [INFO] %cDownload the React DevTools for a better development experience: https://react.dev/link/react-devtools font-weight:bold @ http://localhost:3002/_next/static/chunks/0fju_next_dist_0a9cnc5._.js:2431
[     665ms] [LOG] [HMR] connected @ http://localhost:3002/_next/static/chunks/0fju_next_dist_0a9cnc5._.js:2431
[     700ms] [WARNING] Image with src "/images/Pops-no-border.png" has either width or height modified, but not the other. If you use CSS to change the size of your image, also include the styles 'width: "auto"' or 'height: "auto"' to maintain the aspect ratio. @ http://localhost:3002/_next/static/chunks/0fju_next_dist_0a9cnc5._.js:2431
[   81734ms] [LOG] [Fast Refresh] rebuilding @ http://localhost:3002/_next/static/chunks/0fju_next_dist_0a9cnc5._.js:2431
[   82032ms] [LOG] [Fast Refresh] done in 188ms @ http://localhost:3002/_next/static/chunks/0fju_next_dist_0a9cnc5._.js:2431
[   82053ms] [LOG] [Fast Refresh] rebuilding @ http://localhost:3002/_next/static/chunks/0fju_next_dist_0a9cnc5._.js:2431
[   82055ms] [WARNING] [Fast Refresh] performing full reload

Fast Refresh will perform a full reload when you edit a file that's imported by modules outside of the React rendering tree.
You might have a file which exports a React component but also exports a value that is imported by a non-React component file.
Consider migrating the non-React component export to a separate file and importing it into both files.

It is also possible the parent component of the component you edited is a class component, which disables Fast Refresh.
Fast Refresh requires at least one parent function component in your React tree. @ http://localhost:3002/_next/static/chunks/0fju_next_dist_0a9cnc5._.js:2431
[   82086ms] [LOG] [Fast Refresh] done in 1ms @ http://localhost:3002/_next/static/chunks/0fju_next_dist_0a9cnc5._.js:2431
[   82226ms] [LOG] [Fast Refresh] rebuilding @ http://localhost:3002/_next/static/chunks/0fju_next_dist_0a9cnc5._.js:2431
[   82361ms] [LOG] [Fast Refresh] done in 237ms @ http://localhost:3002/_next/static/chunks/0fju_next_dist_0a9cnc5._.js:2431
[   82447ms] [INFO] %cDownload the React DevTools for a better development experience: https://react.dev/link/react-devtools font-weight:bold @ http://localhost:3002/_next/static/chunks/0fju_next_dist_0a9cnc5._.js:2431
[   82457ms] [LOG] [HMR] connected @ http://localhost:3002/_next/static/chunks/0fju_next_dist_0a9cnc5._.js:2431
[   82493ms] [WARNING] Image with src "/images/Pops-no-border.png" has either width or height modified, but not the other. If you use CSS to change the size of your image, also include the styles 'width: "auto"' or 'height: "auto"' to maintain the aspect ratio. @ http://localhost:3002/_next/static/chunks/0fju_next_dist_0a9cnc5._.js:2431
