[     360ms] [INFO] %cDownload the React DevTools for a better development experience: https://react.dev/link/react-devtools font-weight:bold @ http://localhost:3002/_next/static/chunks/0fju_next_dist_0a9cnc5._.js:2431
[     374ms] [LOG] [HMR] connected @ http://localhost:3002/_next/static/chunks/0fju_next_dist_0a9cnc5._.js:2431
[     424ms] [WARNING] Image with src "/images/Pops-no-border.png" has either width or height modified, but not the other. If you use CSS to change the size of your image, also include the styles 'width: "auto"' or 'height: "auto"' to maintain the aspect ratio. @ http://localhost:3002/_next/static/chunks/0fju_next_dist_0a9cnc5._.js:2431
[   30412ms] [LOG] [Fast Refresh] rebuilding @ http://localhost:3002/_next/static/chunks/0fju_next_dist_0a9cnc5._.js:2431
[   30626ms] [LOG] [Fast Refresh] done in 314ms @ http://localhost:3002/_next/static/chunks/0fju_next_dist_0a9cnc5._.js:2431
[   61681ms] [LOG] [Fast Refresh] rebuilding @ http://localhost:3002/_next/static/chunks/0fju_next_dist_0a9cnc5._.js:2431
[   61723ms] [LOG] [Fast Refresh] done in 144ms @ http://localhost:3002/_next/static/chunks/0fju_next_dist_0a9cnc5._.js:2431
[   62734ms] [LOG] [Fast Refresh] rebuilding @ http://localhost:3002/_next/static/chunks/0fju_next_dist_0a9cnc5._.js:2431
[   62747ms] [LOG] [Fast Refresh] done in 115ms @ http://localhost:3002/_next/static/chunks/0fju_next_dist_0a9cnc5._.js:2431
[   63424ms] [LOG] [Fast Refresh] rebuilding @ http://localhost:3002/_next/static/chunks/0fju_next_dist_0a9cnc5._.js:2431
[   63430ms] [LOG] [Fast Refresh] done in 107ms @ http://localhost:3002/_next/static/chunks/0fju_next_dist_0a9cnc5._.js:2431
[   63756ms] [LOG] [Fast Refresh] rebuilding @ http://localhost:3002/_next/static/chunks/0fju_next_dist_0a9cnc5._.js:2431
[   63764ms] [LOG] [Fast Refresh] done in 109ms @ http://localhost:3002/_next/static/chunks/0fju_next_dist_0a9cnc5._.js:2431
[   65661ms] [LOG] [Fast Refresh] rebuilding @ http://localhost:3002/_next/static/chunks/0fju_next_dist_0a9cnc5._.js:2431
[   65702ms] [LOG] [Fast Refresh] done in 143ms @ http://localhost:3002/_next/static/chunks/0fju_next_dist_0a9cnc5._.js:2431
[  159768ms] [LOG] [Fast Refresh] rebuilding @ http://localhost:3002/_next/static/chunks/0fju_next_dist_0a9cnc5._.js:2431
[  159796ms] [LOG] [Fast Refresh] done in 73ms @ http://localhost:3002/_next/static/chunks/0fju_next_dist_0a9cnc5._.js:2431
[  166714ms] [LOG] [Fast Refresh] rebuilding @ http://localhost:3002/_next/static/chunks/0fju_next_dist_0a9cnc5._.js:2431
[  166723ms] [LOG] [Fast Refresh] done in 112ms @ http://localhost:3002/_next/static/chunks/0fju_next_dist_0a9cnc5._.js:2431
[  167548ms] [LOG] [Fast Refresh] rebuilding @ http://localhost:3002/_next/static/chunks/0fju_next_dist_0a9cnc5._.js:2431
[  167570ms] [LOG] [Fast Refresh] done in 124ms @ http://localhost:3002/_next/static/chunks/0fju_next_dist_0a9cnc5._.js:2431
