[     400ms] [INFO] %cDownload the React DevTools for a better development experience: https://react.dev/link/react-devtools font-weight:bold @ http://localhost:3002/_next/static/chunks/0fju_next_dist_0a9cnc5._.js:2431
[     427ms] [LOG] [HMR] connected @ http://localhost:3002/_next/static/chunks/0fju_next_dist_0a9cnc5._.js:2431
[     486ms] [WARNING] Image with src "/images/Pops-no-border.png" has either width or height modified, but not the other. If you use CSS to change the size of your image, also include the styles 'width: "auto"' or 'height: "auto"' to maintain the aspect ratio. @ http://localhost:3002/_next/static/chunks/0fju_next_dist_0a9cnc5._.js:2431
[   11418ms] [LOG] [Fast Refresh] rebuilding @ http://localhost:3002/_next/static/chunks/0fju_next_dist_0a9cnc5._.js:2431
[   11512ms] [LOG] [Fast Refresh] done in 195ms @ http://localhost:3002/_next/static/chunks/0fju_next_dist_0a9cnc5._.js:2431
[  113870ms] [LOG] [Fast Refresh] rebuilding @ http://localhost:3002/_next/static/chunks/0fju_next_dist_0a9cnc5._.js:2431
[  114435ms] [LOG] [Fast Refresh] done in 389ms @ http://localhost:3002/_next/static/chunks/0fju_next_dist_0a9cnc5._.js:2431
[  122360ms] [LOG] [Fast Refresh] rebuilding @ http://localhost:3002/_next/static/chunks/0fju_next_dist_0a9cnc5._.js:2431
[  122430ms] [LOG] [Fast Refresh] done in 126ms @ http://localhost:3002/_next/static/chunks/0fju_next_dist_0a9cnc5._.js:2431
[  122533ms] [LOG] [Fast Refresh] rebuilding @ http://localhost:3002/_next/static/chunks/0fju_next_dist_0a9cnc5._.js:2431
[  122679ms] [LOG] [Fast Refresh] done in 247ms @ http://localhost:3002/_next/static/chunks/0fju_next_dist_0a9cnc5._.js:2431
[  131571ms] [LOG] [Fast Refresh] rebuilding @ http://localhost:3002/_next/static/chunks/0fju_next_dist_0a9cnc5._.js:2431
[  131729ms] [LOG] [Fast Refresh] done in 188ms @ http://localhost:3002/_next/static/chunks/0fju_next_dist_0a9cnc5._.js:2431
[  131846ms] [LOG] [Fast Refresh] rebuilding @ http://localhost:3002/_next/static/chunks/0fju_next_dist_0a9cnc5._.js:2431
[  131877ms] [LOG] [Fast Refresh] done in 132ms @ http://localhost:3002/_next/static/chunks/0fju_next_dist_0a9cnc5._.js:2431
[  139772ms] [LOG] [Fast Refresh] rebuilding @ http://localhost:3002/_next/static/chunks/0fju_next_dist_0a9cnc5._.js:2431
[  140017ms] [LOG] [Fast Refresh] done in 58ms @ http://localhost:3002/_next/static/chunks/0fju_next_dist_0a9cnc5._.js:2431
[  140143ms] [LOG] [Fast Refresh] rebuilding @ http://localhost:3002/_next/static/chunks/0fju_next_dist_0a9cnc5._.js:2431
[  140151ms] [LOG] [Fast Refresh] done in 109ms @ http://localhost:3002/_next/static/chunks/0fju_next_dist_0a9cnc5._.js:2431
[  158760ms] [LOG] [Fast Refresh] rebuilding @ http://localhost:3002/_next/static/chunks/0fju_next_dist_0a9cnc5._.js:2431
[  158954ms] [LOG] [Fast Refresh] done in 128ms @ http://localhost:3002/_next/static/chunks/0fju_next_dist_0a9cnc5._.js:2431
[  172554ms] [LOG] [Fast Refresh] rebuilding @ http://localhost:3002/_next/static/chunks/0fju_next_dist_0a9cnc5._.js:2431
[  172765ms] [LOG] [Fast Refresh] done in 99ms @ http://localhost:3002/_next/static/chunks/0fju_next_dist_0a9cnc5._.js:2431
[  193431ms] [LOG] [Fast Refresh] rebuilding @ http://localhost:3002/_next/static/chunks/0fju_next_dist_0a9cnc5._.js:2431
[  193654ms] [LOG] [Fast Refresh] done in 266ms @ http://localhost:3002/_next/static/chunks/0fju_next_dist_0a9cnc5._.js:2431
[  209681ms] [LOG] [Fast Refresh] rebuilding @ http://localhost:3002/_next/static/chunks/0fju_next_dist_0a9cnc5._.js:2431
[  209886ms] [LOG] [Fast Refresh] done in 78ms @ http://localhost:3002/_next/static/chunks/0fju_next_dist_0a9cnc5._.js:2431
