[     311ms] [INFO] %cDownload the React DevTools for a better development experience: https://react.dev/link/react-devtools font-weight:bold @ http://localhost:3002/_next/static/chunks/0fju_next_dist_0a9cnc5._.js:2431
[     346ms] [LOG] [HMR] connected @ http://localhost:3002/_next/static/chunks/0fju_next_dist_0a9cnc5._.js:2431
[     391ms] [WARNING] Image with src "/images/Pops-no-border.png" has either width or height modified, but not the other. If you use CSS to change the size of your image, also include the styles 'width: "auto"' or 'height: "auto"' to maintain the aspect ratio. @ http://localhost:3002/_next/static/chunks/0fju_next_dist_0a9cnc5._.js:2431
[   19821ms] [LOG] [Fast Refresh] rebuilding @ http://localhost:3002/_next/static/chunks/0fju_next_dist_0a9cnc5._.js:2431
[   19836ms] [LOG] [Fast Refresh] done in 115ms @ http://localhost:3002/_next/static/chunks/0fju_next_dist_0a9cnc5._.js:2431
[   80837ms] [LOG] [Fast Refresh] rebuilding @ http://localhost:3002/_next/static/chunks/0fju_next_dist_0a9cnc5._.js:2431
[   80971ms] [LOG] [Fast Refresh] done in 172ms @ http://localhost:3002/_next/static/chunks/0fju_next_dist_0a9cnc5._.js:2431
[  219157ms] [LOG] [Fast Refresh] rebuilding @ http://localhost:3002/_next/static/chunks/0fju_next_dist_0a9cnc5._.js:2431
[  219202ms] [LOG] [Fast Refresh] done in 149ms @ http://localhost:3002/_next/static/chunks/0fju_next_dist_0a9cnc5._.js:2431
[  284299ms] [LOG] [Fast Refresh] rebuilding @ http://localhost:3002/_next/static/chunks/0fju_next_dist_0a9cnc5._.js:2431
[  284301ms] [LOG] [Fast Refresh] done in 105ms @ http://localhost:3002/_next/static/chunks/0fju_next_dist_0a9cnc5._.js:2431
[  391165ms] [LOG] [Fast Refresh] rebuilding @ http://localhost:3002/_next/static/chunks/0fju_next_dist_0a9cnc5._.js:2431
[  391216ms] [LOG] [Fast Refresh] done in 24ms @ http://localhost:3002/_next/static/chunks/0fju_next_dist_0a9cnc5._.js:2431
[  404129ms] [LOG] [Fast Refresh] rebuilding @ http://localhost:3002/_next/static/chunks/0fju_next_dist_0a9cnc5._.js:2431
[  404433ms] [LOG] [Fast Refresh] done in 211ms @ http://localhost:3002/_next/static/chunks/0fju_next_dist_0a9cnc5._.js:2431
[  422711ms] [LOG] [Fast Refresh] rebuilding @ http://localhost:3002/_next/static/chunks/0fju_next_dist_0a9cnc5._.js:2431
[  422759ms] [LOG] [Fast Refresh] done in 35ms @ http://localhost:3002/_next/static/chunks/0fju_next_dist_0a9cnc5._.js:2431
[  429136ms] [LOG] [Fast Refresh] rebuilding @ http://localhost:3002/_next/static/chunks/0fju_next_dist_0a9cnc5._.js:2431
[  429615ms] [LOG] [Fast Refresh] done in 162ms @ http://localhost:3002/_next/static/chunks/0fju_next_dist_0a9cnc5._.js:2431
[  449191ms] [LOG] [Fast Refresh] rebuilding @ http://localhost:3002/_next/static/chunks/0fju_next_dist_0a9cnc5._.js:2431
[  449479ms] [LOG] [Fast Refresh] done in 151ms @ http://localhost:3002/_next/static/chunks/0fju_next_dist_0a9cnc5._.js:2431
[  466816ms] [LOG] [Fast Refresh] rebuilding @ http://localhost:3002/_next/static/chunks/0fju_next_dist_0a9cnc5._.js:2431
[  467116ms] [LOG] [Fast Refresh] done in 158ms @ http://localhost:3002/_next/static/chunks/0fju_next_dist_0a9cnc5._.js:2431
[  474249ms] [LOG] [Fast Refresh] rebuilding @ http://localhost:3002/_next/static/chunks/0fju_next_dist_0a9cnc5._.js:2431
[  474516ms] [LOG] [Fast Refresh] done in 163ms @ http://localhost:3002/_next/static/chunks/0fju_next_dist_0a9cnc5._.js:2431
[  481386ms] [LOG] [Fast Refresh] rebuilding @ http://localhost:3002/_next/static/chunks/0fju_next_dist_0a9cnc5._.js:2431
[  481602ms] [LOG] [Fast Refresh] done in 90ms @ http://localhost:3002/_next/static/chunks/0fju_next_dist_0a9cnc5._.js:2431
[  533543ms] [LOG] [Fast Refresh] rebuilding @ http://localhost:3002/_next/static/chunks/0fju_next_dist_0a9cnc5._.js:2431
[  533807ms] [WARNING] [Fast Refresh] performing full reload

Fast Refresh will perform a full reload when you edit a file that's imported by modules outside of the React rendering tree.
You might have a file which exports a React component but also exports a value that is imported by a non-React component file.
Consider migrating the non-React component export to a separate file and importing it into both files.

It is also possible the parent component of the component you edited is a class component, which disables Fast Refresh.
Fast Refresh requires at least one parent function component in your React tree. @ http://localhost:3002/_next/static/chunks/0fju_next_dist_0a9cnc5._.js:2431
[  534180ms] [LOG] [Fast Refresh] done in 699ms @ http://localhost:3002/_next/static/chunks/0fju_next_dist_0a9cnc5._.js:2431
[  534401ms] [LOG] [Fast Refresh] rebuilding @ http://localhost:3002/_next/static/chunks/0fju_next_dist_0a9cnc5._.js:2431
[  534484ms] [LOG] [Fast Refresh] done in 184ms @ http://localhost:3002/_next/static/chunks/0fju_next_dist_0a9cnc5._.js:2431
[  534586ms] [INFO] %cDownload the React DevTools for a better development experience: https://react.dev/link/react-devtools font-weight:bold @ http://localhost:3002/_next/static/chunks/0fju_next_dist_0a9cnc5._.js:2431
[  534620ms] [LOG] [HMR] connected @ http://localhost:3002/_next/static/chunks/0fju_next_dist_0a9cnc5._.js:2431
[  534651ms] [WARNING] Image with src "/images/Pops-no-border.png" has either width or height modified, but not the other. If you use CSS to change the size of your image, also include the styles 'width: "auto"' or 'height: "auto"' to maintain the aspect ratio. @ http://localhost:3002/_next/static/chunks/0fju_next_dist_0a9cnc5._.js:2431
[  537828ms] [LOG] [Fast Refresh] rebuilding @ http://localhost:3002/_next/static/chunks/0fju_next_dist_0a9cnc5._.js:2431
[  538069ms] [WARNING] [Fast Refresh] performing full reload

Fast Refresh will perform a full reload when you edit a file that's imported by modules outside of the React rendering tree.
You might have a file which exports a React component but also exports a value that is imported by a non-React component file.
Consider migrating the non-React component export to a separate file and importing it into both files.

It is also possible the parent component of the component you edited is a class component, which disables Fast Refresh.
Fast Refresh requires at least one parent function component in your React tree. @ http://localhost:3002/_next/static/chunks/0fju_next_dist_0a9cnc5._.js:2431
[  538070ms] [LOG] [Fast Refresh] done in 264ms @ http://localhost:3002/_next/static/chunks/0fju_next_dist_0a9cnc5._.js:2431
[  538382ms] [INFO] %cDownload the React DevTools for a better development experience: https://react.dev/link/react-devtools font-weight:bold @ http://localhost:3002/_next/static/chunks/0fju_next_dist_0a9cnc5._.js:2431
[  538414ms] [LOG] [HMR] connected @ http://localhost:3002/_next/static/chunks/0fju_next_dist_0a9cnc5._.js:2431
[  538444ms] [WARNING] Image with src "/images/Pops-no-border.png" has either width or height modified, but not the other. If you use CSS to change the size of your image, also include the styles 'width: "auto"' or 'height: "auto"' to maintain the aspect ratio. @ http://localhost:3002/_next/static/chunks/0fju_next_dist_0a9cnc5._.js:2431
[  556170ms] [LOG] [Fast Refresh] rebuilding @ http://localhost:3002/_next/static/chunks/0fju_next_dist_0a9cnc5._.js:2431
[  556436ms] [LOG] [Fast Refresh] done in 370ms @ http://localhost:3002/_next/static/chunks/0fju_next_dist_0a9cnc5._.js:2431
[  728376ms] [LOG] [Fast Refresh] rebuilding @ http://localhost:3002/_next/static/chunks/0fju_next_dist_0a9cnc5._.js:2431
[  728377ms] [LOG] [Fast Refresh] done in 104ms @ http://localhost:3002/_next/static/chunks/0fju_next_dist_0a9cnc5._.js:2431
