[     479ms] [INFO] %cDownload the React DevTools for a better development experience: https://react.dev/link/react-devtools font-weight:bold @ http://localhost:3001/_next/static/chunks/0fju_next_dist_0a9cnc5._.js:2431
[     594ms] [LOG] [HMR] connected @ http://localhost:3001/_next/static/chunks/0fju_next_dist_0a9cnc5._.js:2431
[     711ms] [WARNING] Image with src "/images/Pops-no-border.png" has either width or height modified, but not the other. If you use CSS to change the size of your image, also include the styles 'width: "auto"' or 'height: "auto"' to maintain the aspect ratio. @ http://localhost:3001/_next/static/chunks/0fju_next_dist_0a9cnc5._.js:2431
[     794ms] [LOG] [Fast Refresh] rebuilding @ http://localhost:3001/_next/static/chunks/0fju_next_dist_0a9cnc5._.js:2431
[     972ms] [LOG] [Fast Refresh] done in 278ms @ http://localhost:3001/_next/static/chunks/0fju_next_dist_0a9cnc5._.js:2431
[    9806ms] [ERROR] WebSocket connection to 'ws://localhost:3001/_next/webpack-hmr?id=n-uCoWnHZVJEl4KJ_aKKi' failed:  @ http://localhost:3001/_next/static/chunks/0fju_next_dist_client_10zr_lh._.js:13299
[   10809ms] [ERROR] WebSocket connection to 'ws://localhost:3001/_next/webpack-hmr?id=n-uCoWnHZVJEl4KJ_aKKi' failed: Error in connection establishment: net::ERR_CONNECTION_REFUSED @ http://localhost:3001/_next/static/chunks/0fju_next_dist_client_10zr_lh._.js:13299
[   11811ms] [ERROR] WebSocket connection to 'ws://localhost:3001/_next/webpack-hmr?id=n-uCoWnHZVJEl4KJ_aKKi' failed: Error in connection establishment: net::ERR_CONNECTION_REFUSED @ http://localhost:3001/_next/static/chunks/0fju_next_dist_client_10zr_lh._.js:13299
[   12815ms] [ERROR] WebSocket connection to 'ws://localhost:3001/_next/webpack-hmr?id=n-uCoWnHZVJEl4KJ_aKKi' failed: Error in connection establishment: net::ERR_CONNECTION_REFUSED @ http://localhost:3001/_next/static/chunks/0fju_next_dist_client_10zr_lh._.js:13299
[   13817ms] [ERROR] WebSocket connection to 'ws://localhost:3001/_next/webpack-hmr?id=n-uCoWnHZVJEl4KJ_aKKi' failed: Error in connection establishment: net::ERR_CONNECTION_REFUSED @ http://localhost:3001/_next/static/chunks/0fju_next_dist_client_10zr_lh._.js:13299
[   14822ms] [ERROR] WebSocket connection to 'ws://localhost:3001/_next/webpack-hmr?id=n-uCoWnHZVJEl4KJ_aKKi' failed: Error in connection establishment: net::ERR_CONNECTION_REFUSED @ http://localhost:3001/_next/static/chunks/0fju_next_dist_client_10zr_lh._.js:13299
[   19827ms] [ERROR] WebSocket connection to 'ws://localhost:3001/_next/webpack-hmr?id=n-uCoWnHZVJEl4KJ_aKKi' failed: Error in connection establishment: net::ERR_CONNECTION_REFUSED @ http://localhost:3001/_next/static/chunks/0fju_next_dist_client_10zr_lh._.js:13299
[   24838ms] [ERROR] WebSocket connection to 'ws://localhost:3001/_next/webpack-hmr?id=n-uCoWnHZVJEl4KJ_aKKi' failed: Error in connection establishment: net::ERR_CONNECTION_REFUSED @ http://localhost:3001/_next/static/chunks/0fju_next_dist_client_10zr_lh._.js:13299
[   29857ms] [ERROR] WebSocket connection to 'ws://localhost:3001/_next/webpack-hmr?id=n-uCoWnHZVJEl4KJ_aKKi' failed: Error in connection establishment: net::ERR_CONNECTION_REFUSED @ http://localhost:3001/_next/static/chunks/0fju_next_dist_client_10zr_lh._.js:13299
[   34886ms] [ERROR] WebSocket connection to 'ws://localhost:3001/_next/webpack-hmr?id=n-uCoWnHZVJEl4KJ_aKKi' failed: Error in connection establishment: net::ERR_CONNECTION_REFUSED @ http://localhost:3001/_next/static/chunks/0fju_next_dist_client_10zr_lh._.js:13299
[   39920ms] [ERROR] WebSocket connection to 'ws://localhost:3001/_next/webpack-hmr?id=n-uCoWnHZVJEl4KJ_aKKi' failed: Error in connection establishment: net::ERR_CONNECTION_REFUSED @ http://localhost:3001/_next/static/chunks/0fju_next_dist_client_10zr_lh._.js:13299
[   45043ms] [ERROR] WebSocket connection to 'ws://localhost:3001/_next/webpack-hmr?id=n-uCoWnHZVJEl4KJ_aKKi' failed: Error in connection establishment: net::ERR_CONNECTION_REFUSED @ http://localhost:3001/_next/static/chunks/0fju_next_dist_client_10zr_lh._.js:13299
[   50165ms] [ERROR] WebSocket connection to 'ws://localhost:3001/_next/webpack-hmr?id=n-uCoWnHZVJEl4KJ_aKKi' failed: Error in connection establishment: net::ERR_CONNECTION_REFUSED @ http://localhost:3001/_next/static/chunks/0fju_next_dist_client_10zr_lh._.js:13299
[  146977ms] [INFO] %cDownload the React DevTools for a better development experience: https://react.dev/link/react-devtools font-weight:bold @ http://localhost:3001/_next/static/chunks/0fju_next_dist_0a9cnc5._.js:2431
[  146991ms] [LOG] [HMR] connected @ http://localhost:3001/_next/static/chunks/0fju_next_dist_0a9cnc5._.js:2431
[  147031ms] [WARNING] Image with src "/images/Pops-no-border.png" has either width or height modified, but not the other. If you use CSS to change the size of your image, also include the styles 'width: "auto"' or 'height: "auto"' to maintain the aspect ratio. @ http://localhost:3001/_next/static/chunks/0fju_next_dist_0a9cnc5._.js:2431
[  160948ms] [LOG] [Fast Refresh] rebuilding @ http://localhost:3001/_next/static/chunks/0fju_next_dist_0a9cnc5._.js:2431
[  161357ms] [LOG] [Fast Refresh] done in 247ms @ http://localhost:3001/_next/static/chunks/0fju_next_dist_0a9cnc5._.js:2431
[  161379ms] [WARNING] [Fast Refresh] performing full reload

Fast Refresh will perform a full reload when you edit a file that's imported by modules outside of the React rendering tree.
You might have a file which exports a React component but also exports a value that is imported by a non-React component file.
Consider migrating the non-React component export to a separate file and importing it into both files.

It is also possible the parent component of the component you edited is a class component, which disables Fast Refresh.
Fast Refresh requires at least one parent function component in your React tree. @ http://localhost:3001/_next/static/chunks/0fju_next_dist_0a9cnc5._.js:2431
[  161757ms] [INFO] %cDownload the React DevTools for a better development experience: https://react.dev/link/react-devtools font-weight:bold @ http://localhost:3001/_next/static/chunks/0fju_next_dist_0a9cnc5._.js:2431
[  161765ms] [LOG] [HMR] connected @ http://localhost:3001/_next/static/chunks/0fju_next_dist_0a9cnc5._.js:2431
[  161787ms] [WARNING] Image with src "/images/Pops-no-border.png" has either width or height modified, but not the other. If you use CSS to change the size of your image, also include the styles 'width: "auto"' or 'height: "auto"' to maintain the aspect ratio. @ http://localhost:3001/_next/static/chunks/0fju_next_dist_0a9cnc5._.js:2431
[  172798ms] [LOG] [Fast Refresh] rebuilding @ http://localhost:3001/_next/static/chunks/0fju_next_dist_0a9cnc5._.js:2431
[  173143ms] [LOG] [Fast Refresh] done in 445ms @ http://localhost:3001/_next/static/chunks/0fju_next_dist_0a9cnc5._.js:2431
[  173261ms] [LOG] [Fast Refresh] rebuilding @ http://localhost:3001/_next/static/chunks/0fju_next_dist_0a9cnc5._.js:2431
[  173385ms] [LOG] [Fast Refresh] done in 225ms @ http://localhost:3001/_next/static/chunks/0fju_next_dist_0a9cnc5._.js:2431
[  173503ms] [LOG] [Fast Refresh] rebuilding @ http://localhost:3001/_next/static/chunks/0fju_next_dist_0a9cnc5._.js:2431
[  173615ms] [LOG] [Fast Refresh] done in 214ms @ http://localhost:3001/_next/static/chunks/0fju_next_dist_0a9cnc5._.js:2431
